This is XeTeX, Version 3.14159265-2.6-0.999991 (Web2C 2019/NixOS.org) (preloaded format=xelatex 2020.9.28)  22 OCT 2020 02:12
entering extended mode
 restricted \write18 enabled.
 %&-line parsing enabled.
**slides.tex
(./slides.tex
LaTeX2e <2020-02-02> patch level 5
L3 programming layer <2020-02-25>
(/nix/store/yashimakrzw1lllfbrzqi8z9hiz1inqz-texlive-combined-full-2019/share/t
exmf/tex/latex/beamer/beamer.cls
Document Class: beamer 2019/09/29 v3.57 A class for typesetting presentations

(/nix/store/yashimakrzw1lllfbrzqi8z9hiz1inqz-texlive-combined-full-2019/share/t
exmf/tex/latex/beamer/beamerbasemodes.sty
(/nix/store/yashimakrzw1lllfbrzqi8z9hiz1inqz-texlive-combined-full-2019/share/t
exmf/tex/latex/etoolbox/etoolbox.sty
Package: etoolbox 2019/09/21 v2.5h e-TeX tools for LaTeX (JAW)
\etb@tempcnta=\count163
)
\beamer@tempbox=\box45
\beamer@tempcount=\count164
\c@beamerpauses=\count165

(/nix/store/yashimakrzw1lllfbrzqi8z9hiz1inqz-texlive-combined-full-2019/share/t
exmf/tex/latex/beamer/beamerbasedecode.sty
\beamer@slideinframe=\count166
\beamer@minimum=\count167
\beamer@decode@box=\box46
)
\beamer@commentbox=\box47
\beamer@modecount=\count168
)
(/nix/store/yashimakrzw1lllfbrzqi8z9hiz1inqz-texlive-combined-full-2019/share/t
exmf/tex/generic/iftex/ifpdf.sty
Package: ifpdf 2019/10/25 v3.4 ifpdf legacy package. Use iftex instead.

(/nix/store/yashimakrzw1lllfbrzqi8z9hiz1inqz-texlive-combined-full-2019/share/t
exmf/tex/generic/iftex/iftex.sty
Package: iftex 2019/11/07 v1.0c TeX engine tests
))
\headdp=\dimen134
\footheight=\dimen135
\sidebarheight=\dimen136
\beamer@tempdim=\dimen137
\beamer@finalheight=\dimen138
\beamer@animht=\dimen139
\beamer@animdp=\dimen140
\beamer@animwd=\dimen141
\beamer@leftmargin=\dimen142
\beamer@rightmargin=\dimen143
\beamer@leftsidebar=\dimen144
\beamer@rightsidebar=\dimen145
\beamer@boxsize=\dimen146
\beamer@vboxoffset=\dimen147
\beamer@descdefault=\dimen148
\beamer@descriptionwidth=\dimen149
\beamer@lastskip=\skip47
\beamer@areabox=\box48
\beamer@animcurrent=\box49
\beamer@animshowbox=\box50
\beamer@sectionbox=\box51
\beamer@logobox=\box52
\beamer@linebox=\box53
\beamer@sectioncount=\count169
\beamer@subsubsectionmax=\count170
\beamer@subsectionmax=\count171
\beamer@sectionmax=\count172
\beamer@totalheads=\count173
\beamer@headcounter=\count174
\beamer@partstartpage=\count175
\beamer@sectionstartpage=\count176
\beamer@subsectionstartpage=\count177
\beamer@animationtempa=\count178
\beamer@animationtempb=\count179
\beamer@xpos=\count180
\beamer@ypos=\count181
\beamer@ypos@offset=\count182
\beamer@showpartnumber=\count183
\beamer@currentsubsection=\count184
\beamer@coveringdepth=\count185
\beamer@sectionadjust=\count186
\beamer@tocsectionnumber=\count187

(/nix/store/yashimakrzw1lllfbrzqi8z9hiz1inqz-texlive-combined-full-2019/share/t
exmf/tex/latex/beamer/beamerbaseoptions.sty
(/nix/store/yashimakrzw1lllfbrzqi8z9hiz1inqz-texlive-combined-full-2019/share/t
exmf/tex/latex/graphics/keyval.sty
Package: keyval 2014/10/28 v1.15 key=value parser (DPC)
\KV@toks@=\toks15
))
\beamer@paperwidth=\skip48
\beamer@paperheight=\skip49

(/nix/store/yashimakrzw1lllfbrzqi8z9hiz1inqz-texlive-combined-full-2019/share/t
exmf/tex/latex/geometry/geometry.sty
Package: geometry 2020/01/02 v5.9 Page Geometry

(/nix/store/yashimakrzw1lllfbrzqi8z9hiz1inqz-texlive-combined-full-2019/share/t
exmf/tex/generic/iftex/ifvtex.sty
Package: ifvtex 2019/10/25 v1.7 ifvtex legacy package. Use iftex instead.
)
\Gm@cnth=\count188
\Gm@cntv=\count189
\c@Gm@tempcnt=\count190
\Gm@bindingoffset=\dimen150
\Gm@wd@mp=\dimen151
\Gm@odd@mp=\dimen152
\Gm@even@mp=\dimen153
\Gm@layoutwidth=\dimen154
\Gm@layoutheight=\dimen155
\Gm@layouthoffset=\dimen156
\Gm@layoutvoffset=\dimen157
\Gm@dimlist=\toks16
)
(/nix/store/yashimakrzw1lllfbrzqi8z9hiz1inqz-texlive-combined-full-2019/share/t
exmf/tex/latex/base/size10.clo
File: size10.clo 2019/12/20 v1.4l Standard LaTeX file (size option)
)
(/nix/store/yashimakrzw1lllfbrzqi8z9hiz1inqz-texlive-combined-full-2019/share/t
exmf/tex/latex/pgf/basiclayer/pgfcore.sty
(/nix/store/yashimakrzw1lllfbrzqi8z9hiz1inqz-texlive-combined-full-2019/share/t
exmf/tex/latex/graphics/graphicx.sty
Package: graphicx 2019/11/30 v1.2a Enhanced LaTeX Graphics (DPC,SPQR)

(/nix/store/yashimakrzw1lllfbrzqi8z9hiz1inqz-texlive-combined-full-2019/share/t
exmf/tex/latex/graphics/graphics.sty
Package: graphics 2019/11/30 v1.4a Standard LaTeX Graphics (DPC,SPQR)

(/nix/store/yashimakrzw1lllfbrzqi8z9hiz1inqz-texlive-combined-full-2019/share/t
exmf/tex/latex/graphics/trig.sty
Package: trig 2016/01/03 v1.10 sin cos tan (DPC)
)
(/nix/store/yashimakrzw1lllfbrzqi8z9hiz1inqz-texlive-combined-full-2019/share/t
exmf/tex/latex/graphics-cfg/graphics.cfg
File: graphics.cfg 2016/06/04 v1.11 sample graphics configuration
)
Package graphics Info: Driver file: xetex.def on input line 105.

(/nix/store/yashimakrzw1lllfbrzqi8z9hiz1inqz-texlive-combined-full-2019/share/t
exmf/tex/latex/graphics-def/xetex.def
File: xetex.def 2017/06/24 v5.0h Graphics/color driver for xetex
))
\Gin@req@height=\dimen158
\Gin@req@width=\dimen159
)
(/nix/store/yashimakrzw1lllfbrzqi8z9hiz1inqz-texlive-combined-full-2019/share/t
exmf/tex/latex/pgf/systemlayer/pgfsys.sty
(/nix/store/yashimakrzw1lllfbrzqi8z9hiz1inqz-texlive-combined-full-2019/share/t
exmf/tex/latex/pgf/utilities/pgfrcs.sty
(/nix/store/yashimakrzw1lllfbrzqi8z9hiz1inqz-texlive-combined-full-2019/share/t
exmf/tex/generic/pgf/utilities/pgfutil-common.tex
\pgfutil@everybye=\toks17
\pgfutil@tempdima=\dimen160
\pgfutil@tempdimb=\dimen161

(/nix/store/yashimakrzw1lllfbrzqi8z9hiz1inqz-texlive-combined-full-2019/share/t
exmf/tex/generic/pgf/utilities/pgfutil-common-lists.tex))
(/nix/store/yashimakrzw1lllfbrzqi8z9hiz1inqz-texlive-combined-full-2019/share/t
exmf/tex/generic/pgf/utilities/pgfutil-latex.def
\pgfutil@abb=\box54

(/nix/store/yashimakrzw1lllfbrzqi8z9hiz1inqz-texlive-combined-full-2019/share/t
exmf/tex/latex/ms/everyshi.sty
Package: everyshi 2001/05/15 v3.00 EveryShipout Package (MS)
))
(/nix/store/yashimakrzw1lllfbrzqi8z9hiz1inqz-texlive-combined-full-2019/share/t
exmf/tex/generic/pgf/utilities/pgfrcs.code.tex
(/nix/store/yashimakrzw1lllfbrzqi8z9hiz1inqz-texlive-combined-full-2019/share/t
exmf/tex/generic/pgf/pgf.revision.tex)
Package: pgfrcs 2020/01/08 v3.1.5b (3.1.5b)
))
(/nix/store/yashimakrzw1lllfbrzqi8z9hiz1inqz-texlive-combined-full-2019/share/t
exmf/tex/generic/pgf/systemlayer/pgfsys.code.tex
Package: pgfsys 2020/01/08 v3.1.5b (3.1.5b)

(/nix/store/yashimakrzw1lllfbrzqi8z9hiz1inqz-texlive-combined-full-2019/share/t
exmf/tex/generic/pgf/utilities/pgfkeys.code.tex
\pgfkeys@pathtoks=\toks18
\pgfkeys@temptoks=\toks19

(/nix/store/yashimakrzw1lllfbrzqi8z9hiz1inqz-texlive-combined-full-2019/share/t
exmf/tex/generic/pgf/utilities/pgfkeysfiltered.code.tex
\pgfkeys@tmptoks=\toks20
))
\pgf@x=\dimen162
\pgf@y=\dimen163
\pgf@xa=\dimen164
\pgf@ya=\dimen165
\pgf@xb=\dimen166
\pgf@yb=\dimen167
\pgf@xc=\dimen168
\pgf@yc=\dimen169
\pgf@xd=\dimen170
\pgf@yd=\dimen171
\w@pgf@writea=\write3
\r@pgf@reada=\read2
\c@pgf@counta=\count191
\c@pgf@countb=\count192
\c@pgf@countc=\count193
\c@pgf@countd=\count194
\t@pgf@toka=\toks21
\t@pgf@tokb=\toks22
\t@pgf@tokc=\toks23
\pgf@sys@id@count=\count195

(/nix/store/yashimakrzw1lllfbrzqi8z9hiz1inqz-texlive-combined-full-2019/share/t
exmf/tex/generic/pgf/systemlayer/pgf.cfg
File: pgf.cfg 2020/01/08 v3.1.5b (3.1.5b)
)
Driver file for pgf: pgfsys-xetex.def

(/nix/store/yashimakrzw1lllfbrzqi8z9hiz1inqz-texlive-combined-full-2019/share/t
exmf/tex/generic/pgf/systemlayer/pgfsys-xetex.def
File: pgfsys-xetex.def 2020/01/08 v3.1.5b (3.1.5b)

(/nix/store/yashimakrzw1lllfbrzqi8z9hiz1inqz-texlive-combined-full-2019/share/t
exmf/tex/generic/pgf/systemlayer/pgfsys-dvipdfmx.def
File: pgfsys-dvipdfmx.def 2020/01/08 v3.1.5b (3.1.5b)

(/nix/store/yashimakrzw1lllfbrzqi8z9hiz1inqz-texlive-combined-full-2019/share/t
exmf/tex/generic/pgf/systemlayer/pgfsys-common-pdf.def
File: pgfsys-common-pdf.def 2020/01/08 v3.1.5b (3.1.5b)
)
\pgfsys@objnum=\count196
)))
(/nix/store/yashimakrzw1lllfbrzqi8z9hiz1inqz-texlive-combined-full-2019/share/t
exmf/tex/generic/pgf/systemlayer/pgfsyssoftpath.code.tex
File: pgfsyssoftpath.code.tex 2020/01/08 v3.1.5b (3.1.5b)
\pgfsyssoftpath@smallbuffer@items=\count197
\pgfsyssoftpath@bigbuffer@items=\count198
)
(/nix/store/yashimakrzw1lllfbrzqi8z9hiz1inqz-texlive-combined-full-2019/share/t
exmf/tex/generic/pgf/systemlayer/pgfsysprotocol.code.tex
File: pgfsysprotocol.code.tex 2020/01/08 v3.1.5b (3.1.5b)
))
(/nix/store/yashimakrzw1lllfbrzqi8z9hiz1inqz-texlive-combined-full-2019/share/t
exmf/tex/latex/xcolor/xcolor.sty
Package: xcolor 2016/05/11 v2.12 LaTeX color extensions (UK)

(/nix/store/yashimakrzw1lllfbrzqi8z9hiz1inqz-texlive-combined-full-2019/share/t
exmf/tex/latex/graphics-cfg/color.cfg
File: color.cfg 2016/01/02 v1.6 sample color configuration
)
Package xcolor Info: Driver file: xetex.def on input line 225.
Package xcolor Info: Model `cmy' substituted by `cmy0' on input line 1348.
Package xcolor Info: Model `RGB' extended on input line 1364.
Package xcolor Info: Model `HTML' substituted by `rgb' on input line 1366.
Package xcolor Info: Model `Hsb' substituted by `hsb' on input line 1367.
Package xcolor Info: Model `tHsb' substituted by `hsb' on input line 1368.
Package xcolor Info: Model `HSB' substituted by `hsb' on input line 1369.
Package xcolor Info: Model `Gray' substituted by `gray' on input line 1370.
Package xcolor Info: Model `wave' substituted by `hsb' on input line 1371.
)
(/nix/store/yashimakrzw1lllfbrzqi8z9hiz1inqz-texlive-combined-full-2019/share/t
exmf/tex/generic/pgf/basiclayer/pgfcore.code.tex
Package: pgfcore 2020/01/08 v3.1.5b (3.1.5b)

(/nix/store/yashimakrzw1lllfbrzqi8z9hiz1inqz-texlive-combined-full-2019/share/t
exmf/tex/generic/pgf/math/pgfmath.code.tex
(/nix/store/yashimakrzw1lllfbrzqi8z9hiz1inqz-texlive-combined-full-2019/share/t
exmf/tex/generic/pgf/math/pgfmathcalc.code.tex
(/nix/store/yashimakrzw1lllfbrzqi8z9hiz1inqz-texlive-combined-full-2019/share/t
exmf/tex/generic/pgf/math/pgfmathutil.code.tex)
(/nix/store/yashimakrzw1lllfbrzqi8z9hiz1inqz-texlive-combined-full-2019/share/t
exmf/tex/generic/pgf/math/pgfmathparser.code.tex
\pgfmath@dimen=\dimen172
\pgfmath@count=\count199
\pgfmath@box=\box55
\pgfmath@toks=\toks24
\pgfmath@stack@operand=\toks25
\pgfmath@stack@operation=\toks26
)
(/nix/store/yashimakrzw1lllfbrzqi8z9hiz1inqz-texlive-combined-full-2019/share/t
exmf/tex/generic/pgf/math/pgfmathfunctions.code.tex
(/nix/store/yashimakrzw1lllfbrzqi8z9hiz1inqz-texlive-combined-full-2019/share/t
exmf/tex/generic/pgf/math/pgfmathfunctions.basic.code.tex)
(/nix/store/yashimakrzw1lllfbrzqi8z9hiz1inqz-texlive-combined-full-2019/share/t
exmf/tex/generic/pgf/math/pgfmathfunctions.trigonometric.code.tex)
(/nix/store/yashimakrzw1lllfbrzqi8z9hiz1inqz-texlive-combined-full-2019/share/t
exmf/tex/generic/pgf/math/pgfmathfunctions.random.code.tex)
(/nix/store/yashimakrzw1lllfbrzqi8z9hiz1inqz-texlive-combined-full-2019/share/t
exmf/tex/generic/pgf/math/pgfmathfunctions.comparison.code.tex)
(/nix/store/yashimakrzw1lllfbrzqi8z9hiz1inqz-texlive-combined-full-2019/share/t
exmf/tex/generic/pgf/math/pgfmathfunctions.base.code.tex)
(/nix/store/yashimakrzw1lllfbrzqi8z9hiz1inqz-texlive-combined-full-2019/share/t
exmf/tex/generic/pgf/math/pgfmathfunctions.round.code.tex)
(/nix/store/yashimakrzw1lllfbrzqi8z9hiz1inqz-texlive-combined-full-2019/share/t
exmf/tex/generic/pgf/math/pgfmathfunctions.misc.code.tex)
(/nix/store/yashimakrzw1lllfbrzqi8z9hiz1inqz-texlive-combined-full-2019/share/t
exmf/tex/generic/pgf/math/pgfmathfunctions.integerarithmetics.code.tex)))
(/nix/store/yashimakrzw1lllfbrzqi8z9hiz1inqz-texlive-combined-full-2019/share/t
exmf/tex/generic/pgf/math/pgfmathfloat.code.tex
\c@pgfmathroundto@lastzeros=\count266
))
(/nix/store/yashimakrzw1lllfbrzqi8z9hiz1inqz-texlive-combined-full-2019/share/t
exmf/tex/generic/pgf/math/pgfint.code.tex)
(/nix/store/yashimakrzw1lllfbrzqi8z9hiz1inqz-texlive-combined-full-2019/share/t
exmf/tex/generic/pgf/basiclayer/pgfcorepoints.code.tex
File: pgfcorepoints.code.tex 2020/01/08 v3.1.5b (3.1.5b)
\pgf@picminx=\dimen173
\pgf@picmaxx=\dimen174
\pgf@picminy=\dimen175
\pgf@picmaxy=\dimen176
\pgf@pathminx=\dimen177
\pgf@pathmaxx=\dimen178
\pgf@pathminy=\dimen179
\pgf@pathmaxy=\dimen180
\pgf@xx=\dimen181
\pgf@xy=\dimen182
\pgf@yx=\dimen183
\pgf@yy=\dimen184
\pgf@zx=\dimen185
\pgf@zy=\dimen186
)
(/nix/store/yashimakrzw1lllfbrzqi8z9hiz1inqz-texlive-combined-full-2019/share/t
exmf/tex/generic/pgf/basiclayer/pgfcorepathconstruct.code.tex
File: pgfcorepathconstruct.code.tex 2020/01/08 v3.1.5b (3.1.5b)
\pgf@path@lastx=\dimen187
\pgf@path@lasty=\dimen188
)
(/nix/store/yashimakrzw1lllfbrzqi8z9hiz1inqz-texlive-combined-full-2019/share/t
exmf/tex/generic/pgf/basiclayer/pgfcorepathusage.code.tex
File: pgfcorepathusage.code.tex 2020/01/08 v3.1.5b (3.1.5b)
\pgf@shorten@end@additional=\dimen189
\pgf@shorten@start@additional=\dimen190
)
(/nix/store/yashimakrzw1lllfbrzqi8z9hiz1inqz-texlive-combined-full-2019/share/t
exmf/tex/generic/pgf/basiclayer/pgfcorescopes.code.tex
File: pgfcorescopes.code.tex 2020/01/08 v3.1.5b (3.1.5b)
\pgfpic=\box56
\pgf@hbox=\box57
\pgf@layerbox@main=\box58
\pgf@picture@serial@count=\count267
)
(/nix/store/yashimakrzw1lllfbrzqi8z9hiz1inqz-texlive-combined-full-2019/share/t
exmf/tex/generic/pgf/basiclayer/pgfcoregraphicstate.code.tex
File: pgfcoregraphicstate.code.tex 2020/01/08 v3.1.5b (3.1.5b)
\pgflinewidth=\dimen191
)
(/nix/store/yashimakrzw1lllfbrzqi8z9hiz1inqz-texlive-combined-full-2019/share/t
exmf/tex/generic/pgf/basiclayer/pgfcoretransformations.code.tex
File: pgfcoretransformations.code.tex 2020/01/08 v3.1.5b (3.1.5b)
\pgf@pt@x=\dimen192
\pgf@pt@y=\dimen193
\pgf@pt@temp=\dimen194
)
(/nix/store/yashimakrzw1lllfbrzqi8z9hiz1inqz-texlive-combined-full-2019/share/t
exmf/tex/generic/pgf/basiclayer/pgfcorequick.code.tex
File: pgfcorequick.code.tex 2020/01/08 v3.1.5b (3.1.5b)
)
(/nix/store/yashimakrzw1lllfbrzqi8z9hiz1inqz-texlive-combined-full-2019/share/t
exmf/tex/generic/pgf/basiclayer/pgfcoreobjects.code.tex
File: pgfcoreobjects.code.tex 2020/01/08 v3.1.5b (3.1.5b)
)
(/nix/store/yashimakrzw1lllfbrzqi8z9hiz1inqz-texlive-combined-full-2019/share/t
exmf/tex/generic/pgf/basiclayer/pgfcorepathprocessing.code.tex
File: pgfcorepathprocessing.code.tex 2020/01/08 v3.1.5b (3.1.5b)
)
(/nix/store/yashimakrzw1lllfbrzqi8z9hiz1inqz-texlive-combined-full-2019/share/t
exmf/tex/generic/pgf/basiclayer/pgfcorearrows.code.tex
File: pgfcorearrows.code.tex 2020/01/08 v3.1.5b (3.1.5b)
\pgfarrowsep=\dimen195
)
(/nix/store/yashimakrzw1lllfbrzqi8z9hiz1inqz-texlive-combined-full-2019/share/t
exmf/tex/generic/pgf/basiclayer/pgfcoreshade.code.tex
File: pgfcoreshade.code.tex 2020/01/08 v3.1.5b (3.1.5b)
\pgf@max=\dimen196
\pgf@sys@shading@range@num=\count268
\pgf@shadingcount=\count269
)
(/nix/store/yashimakrzw1lllfbrzqi8z9hiz1inqz-texlive-combined-full-2019/share/t
exmf/tex/generic/pgf/basiclayer/pgfcoreimage.code.tex
File: pgfcoreimage.code.tex 2020/01/08 v3.1.5b (3.1.5b)

(/nix/store/yashimakrzw1lllfbrzqi8z9hiz1inqz-texlive-combined-full-2019/share/t
exmf/tex/generic/pgf/basiclayer/pgfcoreexternal.code.tex
File: pgfcoreexternal.code.tex 2020/01/08 v3.1.5b (3.1.5b)
\pgfexternal@startupbox=\box59
))
(/nix/store/yashimakrzw1lllfbrzqi8z9hiz1inqz-texlive-combined-full-2019/share/t
exmf/tex/generic/pgf/basiclayer/pgfcorelayers.code.tex
File: pgfcorelayers.code.tex 2020/01/08 v3.1.5b (3.1.5b)
)
(/nix/store/yashimakrzw1lllfbrzqi8z9hiz1inqz-texlive-combined-full-2019/share/t
exmf/tex/generic/pgf/basiclayer/pgfcoretransparency.code.tex
File: pgfcoretransparency.code.tex 2020/01/08 v3.1.5b (3.1.5b)
)
(/nix/store/yashimakrzw1lllfbrzqi8z9hiz1inqz-texlive-combined-full-2019/share/t
exmf/tex/generic/pgf/basiclayer/pgfcorepatterns.code.tex
File: pgfcorepatterns.code.tex 2020/01/08 v3.1.5b (3.1.5b)
)
(/nix/store/yashimakrzw1lllfbrzqi8z9hiz1inqz-texlive-combined-full-2019/share/t
exmf/tex/generic/pgf/basiclayer/pgfcorerdf.code.tex
File: pgfcorerdf.code.tex 2020/01/08 v3.1.5b (3.1.5b)
)))
(/nix/store/yashimakrzw1lllfbrzqi8z9hiz1inqz-texlive-combined-full-2019/share/t
exmf/tex/latex/pgf/utilities/xxcolor.sty
Package: xxcolor 2003/10/24 ver 0.1
\XC@nummixins=\count270
\XC@countmixins=\count271
)
(/nix/store/yashimakrzw1lllfbrzqi8z9hiz1inqz-texlive-combined-full-2019/share/t
exmf/tex/generic/atbegshi/atbegshi.sty
Package: atbegshi 2019/12/05 v1.19 At begin shipout hook (HO)

(/nix/store/yashimakrzw1lllfbrzqi8z9hiz1inqz-texlive-combined-full-2019/share/t
exmf/tex/generic/infwarerr/infwarerr.sty
Package: infwarerr 2019/12/03 v1.5 Providing info/warning/error messages (HO)
)
(/nix/store/yashimakrzw1lllfbrzqi8z9hiz1inqz-texlive-combined-full-2019/share/t
exmf/tex/generic/ltxcmds/ltxcmds.sty
Package: ltxcmds 2019/12/15 v1.24 LaTeX kernel commands for general use (HO)
))
(/nix/store/yashimakrzw1lllfbrzqi8z9hiz1inqz-texlive-combined-full-2019/share/t
exmf/tex/latex/hyperref/hyperref.sty
Package: hyperref 2020/01/14 v7.00d Hypertext links for LaTeX

(/nix/store/yashimakrzw1lllfbrzqi8z9hiz1inqz-texlive-combined-full-2019/share/t
exmf/tex/latex/pdftexcmds/pdftexcmds.sty
Package: pdftexcmds 2019/11/24 v0.31 Utility functions of pdfTeX for LuaTeX (HO
)
Package pdftexcmds Info: \pdf@primitive is available.
Package pdftexcmds Info: \pdf@ifprimitive is available.
Package pdftexcmds Info: \pdfdraftmode not found.
)
(/nix/store/yashimakrzw1lllfbrzqi8z9hiz1inqz-texlive-combined-full-2019/share/t
exmf/tex/generic/kvsetkeys/kvsetkeys.sty
Package: kvsetkeys 2019/12/15 v1.18 Key value parser (HO)
)
(/nix/store/yashimakrzw1lllfbrzqi8z9hiz1inqz-texlive-combined-full-2019/share/t
exmf/tex/generic/kvdefinekeys/kvdefinekeys.sty
Package: kvdefinekeys 2019-12-19 v1.6 Define keys (HO)
)
(/nix/store/yashimakrzw1lllfbrzqi8z9hiz1inqz-texlive-combined-full-2019/share/t
exmf/tex/generic/pdfescape/pdfescape.sty
Package: pdfescape 2019/12/09 v1.15 Implements pdfTeX's escape features (HO)
)
(/nix/store/yashimakrzw1lllfbrzqi8z9hiz1inqz-texlive-combined-full-2019/share/t
exmf/tex/latex/hycolor/hycolor.sty
Package: hycolor 2020-01-27 v1.10 Color options for hyperref/bookmark (HO)
)
(/nix/store/yashimakrzw1lllfbrzqi8z9hiz1inqz-texlive-combined-full-2019/share/t
exmf/tex/latex/letltxmacro/letltxmacro.sty
Package: letltxmacro 2019/12/03 v1.6 Let assignment for LaTeX macros (HO)
)
(/nix/store/yashimakrzw1lllfbrzqi8z9hiz1inqz-texlive-combined-full-2019/share/t
exmf/tex/latex/auxhook/auxhook.sty
Package: auxhook 2019-12-17 v1.6 Hooks for auxiliary files (HO)
)
(/nix/store/yashimakrzw1lllfbrzqi8z9hiz1inqz-texlive-combined-full-2019/share/t
exmf/tex/latex/kvoptions/kvoptions.sty
Package: kvoptions 2019/11/29 v3.13 Key value format for package options (HO)
)
\@linkdim=\dimen197
\Hy@linkcounter=\count272
\Hy@pagecounter=\count273

(/nix/store/yashimakrzw1lllfbrzqi8z9hiz1inqz-texlive-combined-full-2019/share/t
exmf/tex/latex/hyperref/pd1enc.def
File: pd1enc.def 2020/01/14 v7.00d Hyperref: PDFDocEncoding definition (HO)
)
(/nix/store/yashimakrzw1lllfbrzqi8z9hiz1inqz-texlive-combined-full-2019/share/t
exmf/tex/generic/intcalc/intcalc.sty
Package: intcalc 2019/12/15 v1.3 Expandable calculations with integers (HO)
)
(/nix/store/yashimakrzw1lllfbrzqi8z9hiz1inqz-texlive-combined-full-2019/share/t
exmf/tex/generic/etexcmds/etexcmds.sty
Package: etexcmds 2019/12/15 v1.7 Avoid name clashes with e-TeX commands (HO)
)
\Hy@SavedSpaceFactor=\count274
Package hyperref Info: Option `bookmarks' set `true' on input line 4421.
Package hyperref Info: Option `bookmarksopen' set `true' on input line 4421.
Package hyperref Info: Option `implicit' set `false' on input line 4421.
Package hyperref Info: Hyper figures OFF on input line 4547.
Package hyperref Info: Link nesting OFF on input line 4552.
Package hyperref Info: Hyper index ON on input line 4555.
Package hyperref Info: Plain pages OFF on input line 4562.
Package hyperref Info: Backreferencing OFF on input line 4567.
Package hyperref Info: Implicit mode OFF; no redefinition of LaTeX internals.
Package hyperref Info: Bookmarks ON on input line 4800.
\c@Hy@tempcnt=\count275

(/nix/store/yashimakrzw1lllfbrzqi8z9hiz1inqz-texlive-combined-full-2019/share/t
exmf/tex/latex/url/url.sty
\Urlmuskip=\muskip16
Package: url 2013/09/16  ver 3.4  Verb mode for urls, etc.
)
LaTeX Info: Redefining \url on input line 5159.
\XeTeXLinkMargin=\dimen198

(/nix/store/yashimakrzw1lllfbrzqi8z9hiz1inqz-texlive-combined-full-2019/share/t
exmf/tex/generic/bitset/bitset.sty
Package: bitset 2019/12/09 v1.3 Handle bit-vector datatype (HO)

(/nix/store/yashimakrzw1lllfbrzqi8z9hiz1inqz-texlive-combined-full-2019/share/t
exmf/tex/generic/bigintcalc/bigintcalc.sty
Package: bigintcalc 2019/12/15 v1.5 Expandable calculations on big integers (HO
)
))
\Fld@menulength=\count276
\Field@Width=\dimen199
\Fld@charsize=\dimen256
Package hyperref Info: Hyper figures OFF on input line 6430.
Package hyperref Info: Link nesting OFF on input line 6435.
Package hyperref Info: Hyper index ON on input line 6438.
Package hyperref Info: backreferencing OFF on input line 6445.
Package hyperref Info: Link coloring OFF on input line 6450.
Package hyperref Info: Link coloring with OCG OFF on input line 6455.
Package hyperref Info: PDF/A mode OFF on input line 6460.
LaTeX Info: Redefining \ref on input line 6500.
LaTeX Info: Redefining \pageref on input line 6504.
\Hy@abspage=\count277


Package hyperref Message: Stopped early.

)
Package hyperref Info: Driver (autodetected): hxetex.

(/nix/store/yashimakrzw1lllfbrzqi8z9hiz1inqz-texlive-combined-full-2019/share/t
exmf/tex/latex/hyperref/hxetex.def
File: hxetex.def 2020/01/14 v7.00d Hyperref driver for XeTeX

(/nix/store/yashimakrzw1lllfbrzqi8z9hiz1inqz-texlive-combined-full-2019/share/t
exmf/tex/latex/hyperref/puenc.def
File: puenc.def 2020/01/14 v7.00d Hyperref: PDF Unicode definition (HO)
)
(/nix/store/yashimakrzw1lllfbrzqi8z9hiz1inqz-texlive-combined-full-2019/share/t
exmf/tex/generic/stringenc/stringenc.sty
Package: stringenc 2019/11/29 v1.12 Convert strings between diff. encodings (HO
)
)
\pdfm@box=\box60
\c@Hy@AnnotLevel=\count278
\HyField@AnnotCount=\count279
\Fld@listcount=\count280
\c@bookmark@seq@number=\count281

(/nix/store/yashimakrzw1lllfbrzqi8z9hiz1inqz-texlive-combined-full-2019/share/t
exmf/tex/latex/rerunfilecheck/rerunfilecheck.sty
Package: rerunfilecheck 2019/12/05 v1.9 Rerun checks for auxiliary files (HO)

(/nix/store/yashimakrzw1lllfbrzqi8z9hiz1inqz-texlive-combined-full-2019/share/t
exmf/tex/latex/atveryend/atveryend.sty
Package: atveryend 2019-12-11 v1.11 Hooks at the very end of document (HO)
)
(/nix/store/yashimakrzw1lllfbrzqi8z9hiz1inqz-texlive-combined-full-2019/share/t
exmf/tex/generic/uniquecounter/uniquecounter.sty
Package: uniquecounter 2019/12/15 v1.4 Provide unlimited unique counter (HO)
)
Package uniquecounter Info: New unique counter `rerunfilecheck' on input line 2
86.
))
(/nix/store/yashimakrzw1lllfbrzqi8z9hiz1inqz-texlive-combined-full-2019/share/t
exmf/tex/generic/stringenc/se-ascii-print.def
File: se-ascii-print.def 2019/11/29 v1.12 stringenc: Printable ASCII characters

)
(/nix/store/yashimakrzw1lllfbrzqi8z9hiz1inqz-texlive-combined-full-2019/share/t
exmf/tex/latex/beamer/beamerbaserequires.sty
(/nix/store/yashimakrzw1lllfbrzqi8z9hiz1inqz-texlive-combined-full-2019/share/t
exmf/tex/latex/beamer/beamerbasecompatibility.sty)
(/nix/store/yashimakrzw1lllfbrzqi8z9hiz1inqz-texlive-combined-full-2019/share/t
exmf/tex/latex/beamer/beamerbasefont.sty
(/nix/store/yashimakrzw1lllfbrzqi8z9hiz1inqz-texlive-combined-full-2019/share/t
exmf/tex/latex/amsfonts/amssymb.sty
Package: amssymb 2013/01/14 v3.01 AMS font symbols

(/nix/store/yashimakrzw1lllfbrzqi8z9hiz1inqz-texlive-combined-full-2019/share/t
exmf/tex/latex/amsfonts/amsfonts.sty
Package: amsfonts 2013/01/14 v3.01 Basic AMSFonts support
\@emptytoks=\toks27
\symAMSa=\mathgroup4
\symAMSb=\mathgroup5
LaTeX Font Info:    Redeclaring math symbol \hbar on input line 98.
LaTeX Font Info:    Overwriting math alphabet `\mathfrak' in version `bold'
(Font)                  U/euf/m/n --> U/euf/b/n on input line 106.
))
(/nix/store/yashimakrzw1lllfbrzqi8z9hiz1inqz-texlive-combined-full-2019/share/t
exmf/tex/latex/sansmathaccent/sansmathaccent.sty
Package: sansmathaccent 2020/01/31

(/nix/store/yashimakrzw1lllfbrzqi8z9hiz1inqz-texlive-combined-full-2019/share/t
exmf/tex/latex/koma-script/scrlfile.sty
Package: scrlfile 2020/01/24 v3.29 KOMA-Script package (loading files)
)))
(/nix/store/yashimakrzw1lllfbrzqi8z9hiz1inqz-texlive-combined-full-2019/share/t
exmf/tex/latex/beamer/beamerbasetranslator.sty
(/nix/store/yashimakrzw1lllfbrzqi8z9hiz1inqz-texlive-combined-full-2019/share/t
exmf/tex/latex/translator/translator.sty
Package: translator 2019-05-31 v1.12a Easy translation of strings in LaTeX
))
(/nix/store/yashimakrzw1lllfbrzqi8z9hiz1inqz-texlive-combined-full-2019/share/t
exmf/tex/latex/beamer/beamerbasemisc.sty)
(/nix/store/yashimakrzw1lllfbrzqi8z9hiz1inqz-texlive-combined-full-2019/share/t
exmf/tex/latex/beamer/beamerbasetwoscreens.sty)
(/nix/store/yashimakrzw1lllfbrzqi8z9hiz1inqz-texlive-combined-full-2019/share/t
exmf/tex/latex/beamer/beamerbaseoverlay.sty
\beamer@argscount=\count282
\beamer@lastskipcover=\skip50
\beamer@trivlistdepth=\count283
)
(/nix/store/yashimakrzw1lllfbrzqi8z9hiz1inqz-texlive-combined-full-2019/share/t
exmf/tex/latex/beamer/beamerbasetitle.sty)
(/nix/store/yashimakrzw1lllfbrzqi8z9hiz1inqz-texlive-combined-full-2019/share/t
exmf/tex/latex/beamer/beamerbasesection.sty
\c@lecture=\count284
\c@part=\count285
\c@section=\count286
\c@subsection=\count287
\c@subsubsection=\count288
)
(/nix/store/yashimakrzw1lllfbrzqi8z9hiz1inqz-texlive-combined-full-2019/share/t
exmf/tex/latex/beamer/beamerbaseframe.sty
\beamer@framebox=\box61
\beamer@frametitlebox=\box62
\beamer@zoombox=\box63
\beamer@zoomcount=\count289
\beamer@zoomframecount=\count290
\beamer@frametextheight=\dimen257
\c@subsectionslide=\count291
\beamer@frametopskip=\skip51
\beamer@framebottomskip=\skip52
\beamer@frametopskipautobreak=\skip53
\beamer@framebottomskipautobreak=\skip54
\beamer@envbody=\toks28
\framewidth=\dimen258
\c@framenumber=\count292
)
(/nix/store/yashimakrzw1lllfbrzqi8z9hiz1inqz-texlive-combined-full-2019/share/t
exmf/tex/latex/beamer/beamerbaseverbatim.sty
\beamer@verbatimfileout=\write4
)
(/nix/store/yashimakrzw1lllfbrzqi8z9hiz1inqz-texlive-combined-full-2019/share/t
exmf/tex/latex/beamer/beamerbaseframesize.sty
\beamer@splitbox=\box64
\beamer@autobreakcount=\count293
\beamer@autobreaklastheight=\dimen259
\beamer@frametitletoks=\toks29
\beamer@framesubtitletoks=\toks30
)
(/nix/store/yashimakrzw1lllfbrzqi8z9hiz1inqz-texlive-combined-full-2019/share/t
exmf/tex/latex/beamer/beamerbaseframecomponents.sty
\beamer@footins=\box65
)
(/nix/store/yashimakrzw1lllfbrzqi8z9hiz1inqz-texlive-combined-full-2019/share/t
exmf/tex/latex/beamer/beamerbasecolor.sty)
(/nix/store/yashimakrzw1lllfbrzqi8z9hiz1inqz-texlive-combined-full-2019/share/t
exmf/tex/latex/beamer/beamerbasenotes.sty
\beamer@frameboxcopy=\box66
)
(/nix/store/yashimakrzw1lllfbrzqi8z9hiz1inqz-texlive-combined-full-2019/share/t
exmf/tex/latex/beamer/beamerbasetoc.sty)
(/nix/store/yashimakrzw1lllfbrzqi8z9hiz1inqz-texlive-combined-full-2019/share/t
exmf/tex/latex/beamer/beamerbasetemplates.sty
\beamer@sbttoks=\toks31

(/nix/store/yashimakrzw1lllfbrzqi8z9hiz1inqz-texlive-combined-full-2019/share/t
exmf/tex/latex/beamer/beamerbaseauxtemplates.sty
(/nix/store/yashimakrzw1lllfbrzqi8z9hiz1inqz-texlive-combined-full-2019/share/t
exmf/tex/latex/beamer/beamerbaseboxes.sty
\bmb@box=\box67
\bmb@colorbox=\box68
\bmb@boxshadow=\box69
\bmb@boxshadowball=\box70
\bmb@boxshadowballlarge=\box71
\bmb@temp=\dimen260
\bmb@dima=\dimen261
\bmb@dimb=\dimen262
\bmb@prevheight=\dimen263
)
\beamer@blockheadheight=\dimen264
))
(/nix/store/yashimakrzw1lllfbrzqi8z9hiz1inqz-texlive-combined-full-2019/share/t
exmf/tex/latex/beamer/beamerbaselocalstructure.sty
(/nix/store/yashimakrzw1lllfbrzqi8z9hiz1inqz-texlive-combined-full-2019/share/t
exmf/tex/latex/tools/enumerate.sty
Package: enumerate 2015/07/23 v3.00 enumerate extensions (DPC)
\@enLab=\toks32
)
\c@figure=\count294
\c@table=\count295
\abovecaptionskip=\skip55
\belowcaptionskip=\skip56
)
(/nix/store/yashimakrzw1lllfbrzqi8z9hiz1inqz-texlive-combined-full-2019/share/t
exmf/tex/latex/beamer/beamerbasenavigation.sty
\beamer@section@min@dim=\dimen265
)
(/nix/store/yashimakrzw1lllfbrzqi8z9hiz1inqz-texlive-combined-full-2019/share/t
exmf/tex/latex/beamer/beamerbasetheorems.sty
(/nix/store/yashimakrzw1lllfbrzqi8z9hiz1inqz-texlive-combined-full-2019/share/t
exmf/tex/latex/amsmath/amsmath.sty
Package: amsmath 2020/01/20 v2.17e AMS math features
\@mathmargin=\skip57

For additional information on amsmath, use the `?' option.

(/nix/store/yashimakrzw1lllfbrzqi8z9hiz1inqz-texlive-combined-full-2019/share/t
exmf/tex/latex/amsmath/amstext.sty
Package: amstext 2000/06/29 v2.01 AMS text

(/nix/store/yashimakrzw1lllfbrzqi8z9hiz1inqz-texlive-combined-full-2019/share/t
exmf/tex/latex/amsmath/amsgen.sty
File: amsgen.sty 1999/11/30 v2.0 generic functions
\@emptytoks=\toks33
\ex@=\dimen266
))
(/nix/store/yashimakrzw1lllfbrzqi8z9hiz1inqz-texlive-combined-full-2019/share/t
exmf/tex/latex/amsmath/amsbsy.sty
Package: amsbsy 1999/11/29 v1.2d Bold Symbols
\pmbraise@=\dimen267
)
(/nix/store/yashimakrzw1lllfbrzqi8z9hiz1inqz-texlive-combined-full-2019/share/t
exmf/tex/latex/amsmath/amsopn.sty
Package: amsopn 2016/03/08 v2.02 operator names
)
\inf@bad=\count296
LaTeX Info: Redefining \frac on input line 227.
\uproot@=\count297
\leftroot@=\count298
LaTeX Info: Redefining \overline on input line 389.
\classnum@=\count299
\DOTSCASE@=\count300
LaTeX Info: Redefining \ldots on input line 486.
LaTeX Info: Redefining \dots on input line 489.
LaTeX Info: Redefining \cdots on input line 610.
\Mathstrutbox@=\box72
\strutbox@=\box73
\big@size=\dimen268
LaTeX Font Info:    Redeclaring font encoding OML on input line 733.
LaTeX Font Info:    Redeclaring font encoding OMS on input line 734.
\macc@depth=\count301
\c@MaxMatrixCols=\count302
\dotsspace@=\muskip17
\c@parentequation=\count303
\dspbrk@lvl=\count304
\tag@help=\toks34
\row@=\count305
\column@=\count306
\maxfields@=\count307
\andhelp@=\toks35
\eqnshift@=\dimen269
\alignsep@=\dimen270
\tagshift@=\dimen271
\tagwidth@=\dimen272
\totwidth@=\dimen273
\lineht@=\dimen274
\@envbody=\toks36
\multlinegap=\skip58
\multlinetaggap=\skip59
\mathdisplay@stack=\toks37
LaTeX Info: Redefining \[ on input line 2859.
LaTeX Info: Redefining \] on input line 2860.
)
(/nix/store/yashimakrzw1lllfbrzqi8z9hiz1inqz-texlive-combined-full-2019/share/t
exmf/tex/latex/amscls/amsthm.sty
Package: amsthm 2017/10/31 v2.20.4
\thm@style=\toks38
\thm@bodyfont=\toks39
\thm@headfont=\toks40
\thm@notefont=\toks41
\thm@headpunct=\toks42
\thm@preskip=\skip60
\thm@postskip=\skip61
\thm@headsep=\skip62
\dth@everypar=\toks43
)
\c@theorem=\count308
)
(/nix/store/yashimakrzw1lllfbrzqi8z9hiz1inqz-texlive-combined-full-2019/share/t
exmf/tex/latex/beamer/beamerbasethemes.sty))
(/nix/store/yashimakrzw1lllfbrzqi8z9hiz1inqz-texlive-combined-full-2019/share/t
exmf/tex/latex/beamer/beamerthemedefault.sty
(/nix/store/yashimakrzw1lllfbrzqi8z9hiz1inqz-texlive-combined-full-2019/share/t
exmf/tex/latex/beamer/beamerfontthemedefault.sty)
(/nix/store/yashimakrzw1lllfbrzqi8z9hiz1inqz-texlive-combined-full-2019/share/t
exmf/tex/latex/beamer/beamercolorthemedefault.sty)
(/nix/store/yashimakrzw1lllfbrzqi8z9hiz1inqz-texlive-combined-full-2019/share/t
exmf/tex/latex/beamer/beamerinnerthemedefault.sty
\beamer@dima=\dimen275
\beamer@dimb=\dimen276
)
(/nix/store/yashimakrzw1lllfbrzqi8z9hiz1inqz-texlive-combined-full-2019/share/t
exmf/tex/latex/beamer/beamerouterthemedefault.sty))) (./beamerthemem.sty
Package: beamerthemem 

(/nix/store/yashimakrzw1lllfbrzqi8z9hiz1inqz-texlive-combined-full-2019/share/t
exmf/tex/latex/fontspec/fontspec.sty
(/nix/store/yashimakrzw1lllfbrzqi8z9hiz1inqz-texlive-combined-full-2019/share/t
exmf/tex/latex/l3packages/xparse/xparse.sty
(/nix/store/yashimakrzw1lllfbrzqi8z9hiz1inqz-texlive-combined-full-2019/share/t
exmf/tex/latex/l3kernel/expl3.sty
Package: expl3 2020-02-25 L3 programming layer (loader) 

(/nix/store/yashimakrzw1lllfbrzqi8z9hiz1inqz-texlive-combined-full-2019/share/t
exmf/tex/latex/l3backend/l3backend-xdvipdfmx.def
File: l3backend-xdvipdfmx.def 2020-02-23 L3 backend support: xdvipdfmx
\g__graphics_track_int=\count309
\l__pdf_internal_box=\box74
\g__pdf_backend_object_int=\count310
\g__pdf_backend_annotation_int=\count311
))
Package: xparse 2020-02-25 L3 Experimental document command parser
\l__xparse_current_arg_int=\count312
\g__xparse_grabber_int=\count313
\l__xparse_m_args_int=\count314
\l__xparse_v_nesting_int=\count315
)
Package: fontspec 2020/02/21 v2.7i Font selection for XeLaTeX and LuaLaTeX

(/nix/store/yashimakrzw1lllfbrzqi8z9hiz1inqz-texlive-combined-full-2019/share/t
exmf/tex/latex/fontspec/fontspec-xetex.sty
Package: fontspec-xetex 2020/02/21 v2.7i Font selection for XeLaTeX and LuaLaTe
X
\l__fontspec_script_int=\count316
\l__fontspec_language_int=\count317
\l__fontspec_strnum_int=\count318
\l__fontspec_tmp_int=\count319
\l__fontspec_tmpa_int=\count320
\l__fontspec_tmpb_int=\count321
\l__fontspec_tmpc_int=\count322
\l__fontspec_em_int=\count323
\l__fontspec_emdef_int=\count324
\l__fontspec_strong_int=\count325
\l__fontspec_strongdef_int=\count326
\l__fontspec_tmpa_dim=\dimen277
\l__fontspec_tmpb_dim=\dimen278
\l__fontspec_tmpc_dim=\dimen279

(/nix/store/yashimakrzw1lllfbrzqi8z9hiz1inqz-texlive-combined-full-2019/share/t
exmf/tex/latex/base/fontenc.sty
Package: fontenc 2020/02/11 v2.0o Standard LaTeX package
)
(/nix/store/yashimakrzw1lllfbrzqi8z9hiz1inqz-texlive-combined-full-2019/share/t
exmf/tex/latex/fontspec/fontspec.cfg)))
(/nix/store/yashimakrzw1lllfbrzqi8z9hiz1inqz-texlive-combined-full-2019/share/t
exmf/tex/latex/pgf/frontendlayer/tikz.sty
(/nix/store/yashimakrzw1lllfbrzqi8z9hiz1inqz-texlive-combined-full-2019/share/t
exmf/tex/latex/pgf/basiclayer/pgf.sty
Package: pgf 2020/01/08 v3.1.5b (3.1.5b)

(/nix/store/yashimakrzw1lllfbrzqi8z9hiz1inqz-texlive-combined-full-2019/share/t
exmf/tex/generic/pgf/modules/pgfmoduleshapes.code.tex
File: pgfmoduleshapes.code.tex 2020/01/08 v3.1.5b (3.1.5b)
\pgfnodeparttextbox=\box75
)
(/nix/store/yashimakrzw1lllfbrzqi8z9hiz1inqz-texlive-combined-full-2019/share/t
exmf/tex/generic/pgf/modules/pgfmoduleplot.code.tex
File: pgfmoduleplot.code.tex 2020/01/08 v3.1.5b (3.1.5b)
)
(/nix/store/yashimakrzw1lllfbrzqi8z9hiz1inqz-texlive-combined-full-2019/share/t
exmf/tex/latex/pgf/compatibility/pgfcomp-version-0-65.sty
Package: pgfcomp-version-0-65 2020/01/08 v3.1.5b (3.1.5b)
\pgf@nodesepstart=\dimen280
\pgf@nodesepend=\dimen281
)
(/nix/store/yashimakrzw1lllfbrzqi8z9hiz1inqz-texlive-combined-full-2019/share/t
exmf/tex/latex/pgf/compatibility/pgfcomp-version-1-18.sty
Package: pgfcomp-version-1-18 2020/01/08 v3.1.5b (3.1.5b)
))
(/nix/store/yashimakrzw1lllfbrzqi8z9hiz1inqz-texlive-combined-full-2019/share/t
exmf/tex/latex/pgf/utilities/pgffor.sty
(/nix/store/yashimakrzw1lllfbrzqi8z9hiz1inqz-texlive-combined-full-2019/share/t
exmf/tex/latex/pgf/utilities/pgfkeys.sty
(/nix/store/yashimakrzw1lllfbrzqi8z9hiz1inqz-texlive-combined-full-2019/share/t
exmf/tex/generic/pgf/utilities/pgfkeys.code.tex))
(/nix/store/yashimakrzw1lllfbrzqi8z9hiz1inqz-texlive-combined-full-2019/share/t
exmf/tex/latex/pgf/math/pgfmath.sty
(/nix/store/yashimakrzw1lllfbrzqi8z9hiz1inqz-texlive-combined-full-2019/share/t
exmf/tex/generic/pgf/math/pgfmath.code.tex))
(/nix/store/yashimakrzw1lllfbrzqi8z9hiz1inqz-texlive-combined-full-2019/share/t
exmf/tex/generic/pgf/utilities/pgffor.code.tex
Package: pgffor 2020/01/08 v3.1.5b (3.1.5b)

(/nix/store/yashimakrzw1lllfbrzqi8z9hiz1inqz-texlive-combined-full-2019/share/t
exmf/tex/generic/pgf/math/pgfmath.code.tex)
\pgffor@iter=\dimen282
\pgffor@skip=\dimen283
\pgffor@stack=\toks44
\pgffor@toks=\toks45
))
(/nix/store/yashimakrzw1lllfbrzqi8z9hiz1inqz-texlive-combined-full-2019/share/t
exmf/tex/generic/pgf/frontendlayer/tikz/tikz.code.tex
Package: tikz 2020/01/08 v3.1.5b (3.1.5b)

(/nix/store/yashimakrzw1lllfbrzqi8z9hiz1inqz-texlive-combined-full-2019/share/t
exmf/tex/generic/pgf/libraries/pgflibraryplothandlers.code.tex
File: pgflibraryplothandlers.code.tex 2020/01/08 v3.1.5b (3.1.5b)
\pgf@plot@mark@count=\count327
\pgfplotmarksize=\dimen284
)
\tikz@lastx=\dimen285
\tikz@lasty=\dimen286
\tikz@lastxsaved=\dimen287
\tikz@lastysaved=\dimen288
\tikz@lastmovetox=\dimen289
\tikz@lastmovetoy=\dimen290
\tikzleveldistance=\dimen291
\tikzsiblingdistance=\dimen292
\tikz@figbox=\box76
\tikz@figbox@bg=\box77
\tikz@tempbox=\box78
\tikz@tempbox@bg=\box79
\tikztreelevel=\count328
\tikznumberofchildren=\count329
\tikznumberofcurrentchild=\count330
\tikz@fig@count=\count331

(/nix/store/yashimakrzw1lllfbrzqi8z9hiz1inqz-texlive-combined-full-2019/share/t
exmf/tex/generic/pgf/modules/pgfmodulematrix.code.tex
File: pgfmodulematrix.code.tex 2020/01/08 v3.1.5b (3.1.5b)
\pgfmatrixcurrentrow=\count332
\pgfmatrixcurrentcolumn=\count333
\pgf@matrix@numberofcolumns=\count334
)
\tikz@expandcount=\count335

(/nix/store/yashimakrzw1lllfbrzqi8z9hiz1inqz-texlive-combined-full-2019/share/t
exmf/tex/generic/pgf/frontendlayer/tikz/libraries/tikzlibrarytopaths.code.tex
File: tikzlibrarytopaths.code.tex 2020/01/08 v3.1.5b (3.1.5b)
)))
(/nix/store/yashimakrzw1lllfbrzqi8z9hiz1inqz-texlive-combined-full-2019/share/t
exmf/tex/generic/pgf/frontendlayer/tikz/libraries/tikzlibrarybackgrounds.code.t
ex
File: tikzlibrarybackgrounds.code.tex 2020/01/08 v3.1.5b (3.1.5b)
\pgf@layerbox@background=\box80
\pgf@layerboxsaved@background=\box81
) (./beamercolorthememetropolis.sty
Package: beamercolorthememetropolis 
) (./beamerfontthememetropolis.sty
Package: beamerfontthememetropolis 

Package fontspec Info: Font family 'FiraSans-Light.ttf(0)' created for font
(fontspec)             'FiraSans-Light.ttf' with options
(fontspec)             [Mapping=tex-text,Ligatures=TeX,Path=fonts/,BoldFont={Fi
raSans-Regular.ttf}].
(fontspec)              
(fontspec)              This font family consists of the following NFSS
(fontspec)             series/shapes:
(fontspec)              
(fontspec)             - 'normal' (m/n) with NFSS spec.:
(fontspec)             <->"[fonts/FiraSans-Light.ttf]/OT:script=latn;language=d
flt;mapping=tex-text;"
(fontspec)             - 'small caps'  (m/sc) with NFSS spec.:
(fontspec)             <->"[fonts/FiraSans-Light.ttf]/OT:script=latn;language=d
flt;+smcp;mapping=tex-text;"
(fontspec)             - 'bold' (b/n) with NFSS spec.:
(fontspec)             <->"[fonts/FiraSans-Regular.ttf]/OT:script=latn;language
=dflt;mapping=tex-text;"
(fontspec)             - 'bold small caps'  (b/sc) with NFSS spec.:
(fontspec)             <->"[fonts/FiraSans-Regular.ttf]/OT:script=latn;language
=dflt;+smcp;mapping=tex-text;"


Package fontspec Info: Font family 'FiraMono-Regular.ttf(0)' created for font
(fontspec)             'FiraMono-Regular.ttf' with options
(fontspec)             [Mapping=tex-text,WordSpace={1,0,0},HyphenChar=None,Punc
tuationSpace=WordSpace,Path=fonts/].
(fontspec)              
(fontspec)              This font family consists of the following NFSS
(fontspec)             series/shapes:
(fontspec)              
(fontspec)             - 'normal' (m/n) with NFSS spec.:
(fontspec)             <->"[fonts/FiraMono-Regular.ttf]/OT:script=latn;language
=dflt;mapping=tex-text;"
(fontspec)             - 'small caps'  (m/sc) with NFSS spec.: 
(fontspec)             and font adjustment code:
(fontspec)             \fontdimen 2\font =1\fontdimen 2\font \fontdimen 3\font
(fontspec)             =0\fontdimen 3\font \fontdimen 4\font =0\fontdimen
(fontspec)             4\font \fontdimen 7\font =0\fontdimen 2\font
(fontspec)             \tex_hyphenchar:D \font =-1\scan_stop: 


Package fontspec Info: Font family 'FiraSans-ExtraLight.ttf(0)' created for
(fontspec)             font 'FiraSans-ExtraLight.ttf' with options
(fontspec)             [Mapping=tex-text,Path=fonts/,ItalicFont=FiraSans-ExtraL
ightItalic.ttf].
(fontspec)              
(fontspec)              This font family consists of the following NFSS
(fontspec)             series/shapes:
(fontspec)              
(fontspec)             - 'normal' (m/n) with NFSS spec.:
(fontspec)             <->"[fonts/FiraSans-ExtraLight.ttf]/OT:script=latn;langu
age=dflt;mapping=tex-text;"
(fontspec)             - 'small caps'  (m/sc) with NFSS spec.:
(fontspec)             <->"[fonts/FiraSans-ExtraLight.ttf]/OT:script=latn;langu
age=dflt;+smcp;mapping=tex-text;"
(fontspec)             - 'italic' (m/it) with NFSS spec.:
(fontspec)             <->"[fonts/FiraSans-ExtraLightItalic.ttf]/OT:script=latn
;language=dflt;mapping=tex-text;"
(fontspec)             - 'italic small caps'  (m/scit) with NFSS spec.:
(fontspec)             <->"[fonts/FiraSans-ExtraLightItalic.ttf]/OT:script=latn
;language=dflt;+smcp;mapping=tex-text;"


Package fontspec Info: Font family 'FiraSans-Light.ttf(1)' created for font
(fontspec)             'FiraSans-Light.ttf' with options
(fontspec)             [Mapping=tex-text,Path=fonts/,ItalicFont=FiraSans-LightI
talic.ttf].
(fontspec)              
(fontspec)              This font family consists of the following NFSS
(fontspec)             series/shapes:
(fontspec)              
(fontspec)             - 'normal' (m/n) with NFSS spec.:
(fontspec)             <->"[fonts/FiraSans-Light.ttf]/OT:script=latn;language=d
flt;mapping=tex-text;"
(fontspec)             - 'small caps'  (m/sc) with NFSS spec.:
(fontspec)             <->"[fonts/FiraSans-Light.ttf]/OT:script=latn;language=d
flt;+smcp;mapping=tex-text;"
(fontspec)             - 'italic' (m/it) with NFSS spec.:
(fontspec)             <->"[fonts/FiraSans-LightItalic.ttf]/OT:script=latn;lang
uage=dflt;mapping=tex-text;"
(fontspec)             - 'italic small caps'  (m/scit) with NFSS spec.:
(fontspec)             <->"[fonts/FiraSans-LightItalic.ttf]/OT:script=latn;lang
uage=dflt;+smcp;mapping=tex-text;"


Package fontspec Info: Font family 'FiraSans-Regular.ttf(0)' created for font
(fontspec)             'FiraSans-Regular.ttf' with options
(fontspec)             [Mapping=tex-text,Path=fonts/,ItalicFont=FiraSans-Italic
.ttf,BoldFont=FiraSans-Bold.ttf,BoldItalicFont=FiraSans-BoldItalic.ttf].
(fontspec)              
(fontspec)              This font family consists of the following NFSS
(fontspec)             series/shapes:
(fontspec)              
(fontspec)             - 'normal' (m/n) with NFSS spec.:
(fontspec)             <->"[fonts/FiraSans-Regular.ttf]/OT:script=latn;language
=dflt;mapping=tex-text;"
(fontspec)             - 'small caps'  (m/sc) with NFSS spec.:
(fontspec)             <->"[fonts/FiraSans-Regular.ttf]/OT:script=latn;language
=dflt;+smcp;mapping=tex-text;"
(fontspec)             - 'bold' (b/n) with NFSS spec.:
(fontspec)             <->"[fonts/FiraSans-Bold.ttf]/OT:script=latn;language=df
lt;mapping=tex-text;"
(fontspec)             - 'bold small caps'  (b/sc) with NFSS spec.:
(fontspec)             <->"[fonts/FiraSans-Bold.ttf]/OT:script=latn;language=df
lt;+smcp;mapping=tex-text;"
(fontspec)             - 'italic' (m/it) with NFSS spec.:
(fontspec)             <->"[fonts/FiraSans-Italic.ttf]/OT:script=latn;language=
dflt;mapping=tex-text;"
(fontspec)             - 'italic small caps'  (m/scit) with NFSS spec.:
(fontspec)             <->"[fonts/FiraSans-Italic.ttf]/OT:script=latn;language=
dflt;+smcp;mapping=tex-text;"
(fontspec)             - 'bold italic' (b/it) with NFSS spec.:
(fontspec)             <->"[fonts/FiraSans-BoldItalic.ttf]/OT:script=latn;langu
age=dflt;mapping=tex-text;"
(fontspec)             - 'bold italic small caps'  (b/scit) with NFSS spec.:
(fontspec)             <->"[fonts/FiraSans-BoldItalic.ttf]/OT:script=latn;langu
age=dflt;+smcp;mapping=tex-text;"


Package fontspec Info: Font family 'FiraSans-Medium.ttf(0)' created for font
(fontspec)             'FiraSans-Medium.ttf' with options
(fontspec)             [Mapping=tex-text,Path=fonts/,ItalicFont=FiraSans-Medium
Italic.ttf].
(fontspec)              
(fontspec)              This font family consists of the following NFSS
(fontspec)             series/shapes:
(fontspec)              
(fontspec)             - 'normal' (m/n) with NFSS spec.:
(fontspec)             <->"[fonts/FiraSans-Medium.ttf]/OT:script=latn;language=
dflt;mapping=tex-text;"
(fontspec)             - 'small caps'  (m/sc) with NFSS spec.:
(fontspec)             <->"[fonts/FiraSans-Medium.ttf]/OT:script=latn;language=
dflt;+smcp;mapping=tex-text;"
(fontspec)             - 'italic' (m/it) with NFSS spec.:
(fontspec)             <->"[fonts/FiraSans-MediumItalic.ttf]/OT:script=latn;lan
guage=dflt;mapping=tex-text;"
(fontspec)             - 'italic small caps'  (m/scit) with NFSS spec.:
(fontspec)             <->"[fonts/FiraSans-MediumItalic.ttf]/OT:script=latn;lan
guage=dflt;+smcp;mapping=tex-text;"

)
\progressbar@tmpcounta=\count336
\progressbar@tmpcountb=\count337
\progressbar@pbht=\dimen293
\progressbar@pbwd=\dimen294
\progressbar@tmpdim=\dimen295
)
(/nix/store/yashimakrzw1lllfbrzqi8z9hiz1inqz-texlive-combined-full-2019/share/t
exmf/tex/latex/booktabs/booktabs.sty
Package: booktabs 2020/01/12 v1.61803398 Publication quality tables
\heavyrulewidth=\dimen296
\lightrulewidth=\dimen297
\cmidrulewidth=\dimen298
\belowrulesep=\dimen299
\belowbottomsep=\dimen300
\aboverulesep=\dimen301
\abovetopsep=\dimen302
\cmidrulesep=\dimen303
\cmidrulekern=\dimen304
\defaultaddspace=\dimen305
\@cmidla=\count338
\@cmidlb=\count339
\@aboverulesep=\dimen306
\@belowrulesep=\dimen307
\@thisruleclass=\count340
\@lastruleclass=\count341
\@thisrulewidth=\dimen308
)
(/nix/store/yashimakrzw1lllfbrzqi8z9hiz1inqz-texlive-combined-full-2019/share/t
exmf/tex/latex/ccicons/ccicons.sty
Package: ccicons 2017/10/30 v1.6 LaTeX support for Creative Commons icons

(/nix/store/yashimakrzw1lllfbrzqi8z9hiz1inqz-texlive-combined-full-2019/share/t
exmf/tex/latex/xkeyval/xkeyval.sty
Package: xkeyval 2014/12/03 v2.7a package option processing (HA)

(/nix/store/yashimakrzw1lllfbrzqi8z9hiz1inqz-texlive-combined-full-2019/share/t
exmf/tex/generic/xkeyval/xkeyval.tex
(/nix/store/yashimakrzw1lllfbrzqi8z9hiz1inqz-texlive-combined-full-2019/share/t
exmf/tex/generic/xkeyval/xkvutils.tex
\XKV@toks=\toks46
\XKV@tempa@toks=\toks47
)
\XKV@depth=\count342
File: xkeyval.tex 2014/12/03 v2.7a key=value parser (HA)
)))
(/nix/store/yashimakrzw1lllfbrzqi8z9hiz1inqz-texlive-combined-full-2019/share/t
exmf/tex/latex/verbatimbox/verbatimbox.sty
Package: verbatimbox 2014/03/12 v3.13 Routines for placing verbatim text into b
oxes, useful in places where the verbatim environment is inaccessible. Secondar
ily, for adding vertical buffer around an object.

(/nix/store/yashimakrzw1lllfbrzqi8z9hiz1inqz-texlive-combined-full-2019/share/t
exmf/tex/latex/tools/verbatim.sty
Package: verbatim 2019/11/10 v1.5r LaTeX2e package for verbatim enhancements
\every@verbatim=\toks48
\verbatim@line=\toks49
\verbatim@in@stream=\read3
)
(/nix/store/yashimakrzw1lllfbrzqi8z9hiz1inqz-texlive-combined-full-2019/share/t
exmf/tex/latex/readarray/readarray.sty
Package: readarray 2016/11/07\ 2.0\ Routines for inputting 2D and 3D array data
 and recalling it on an element-by-element basis.

(/nix/store/yashimakrzw1lllfbrzqi8z9hiz1inqz-texlive-combined-full-2019/share/t
exmf/tex/latex/base/ifthen.sty
Package: ifthen 2014/09/29 v1.1c Standard LaTeX ifthen package (DPC)
)
(/nix/store/yashimakrzw1lllfbrzqi8z9hiz1inqz-texlive-combined-full-2019/share/t
exmf/tex/generic/listofitems/listofitems.sty
(/nix/store/yashimakrzw1lllfbrzqi8z9hiz1inqz-texlive-combined-full-2019/share/t
exmf/tex/generic/listofitems/listofitems.tex
Invalid UTF-8 byte or sequence at line 50 replaced by U+FFFD.
Invalid UTF-8 byte or sequence at line 50 replaced by U+FFFD.
Invalid UTF-8 byte or sequence at line 52 replaced by U+FFFD.
Invalid UTF-8 byte or sequence at line 52 replaced by U+FFFD.
Invalid UTF-8 byte or sequence at line 52 replaced by U+FFFD.
Invalid UTF-8 byte or sequence at line 96 replaced by U+FFFD.
Invalid UTF-8 byte or sequence at line 96 replaced by U+FFFD.
Invalid UTF-8 byte or sequence at line 104 replaced by U+FFFD.
Invalid UTF-8 byte or sequence at line 105 replaced by U+FFFD.
\loi_cnt_foreach_nest=\count343
Invalid UTF-8 byte or sequence at line 139 replaced by U+FFFD.
Invalid UTF-8 byte or sequence at line 146 replaced by U+FFFD.
Invalid UTF-8 byte or sequence at line 192 replaced by U+FFFD.
Invalid UTF-8 byte or sequence at line 209 replaced by U+FFFD.
Invalid UTF-8 byte or sequence at line 209 replaced by U+FFFD.
Invalid UTF-8 byte or sequence at line 222 replaced by U+FFFD.
Invalid UTF-8 byte or sequence at line 222 replaced by U+FFFD.
Invalid UTF-8 byte or sequence at line 223 replaced by U+FFFD.
Invalid UTF-8 byte or sequence at line 223 replaced by U+FFFD.
Invalid UTF-8 byte or sequence at line 224 replaced by U+FFFD.
Invalid UTF-8 byte or sequence at line 226 replaced by U+FFFD.
Invalid UTF-8 byte or sequence at line 226 replaced by U+FFFD.
Invalid UTF-8 byte or sequence at line 238 replaced by U+FFFD.
Invalid UTF-8 byte or sequence at line 243 replaced by U+FFFD.
Invalid UTF-8 byte or sequence at line 243 replaced by U+FFFD.
Invalid UTF-8 byte or sequence at line 260 replaced by U+FFFD.
Invalid UTF-8 byte or sequence at line 284 replaced by U+FFFD.
Invalid UTF-8 byte or sequence at line 310 replaced by U+FFFD.
Invalid UTF-8 byte or sequence at line 310 replaced by U+FFFD.
Invalid UTF-8 byte or sequence at line 324 replaced by U+FFFD.
Invalid UTF-8 byte or sequence at line 337 replaced by U+FFFD.
Invalid UTF-8 byte or sequence at line 337 replaced by U+FFFD.
Invalid UTF-8 byte or sequence at line 339 replaced by U+FFFD.
Invalid UTF-8 byte or sequence at line 350 replaced by U+FFFD.
Invalid UTF-8 byte or sequence at line 350 replaced by U+FFFD.
Invalid UTF-8 byte or sequence at line 350 replaced by U+FFFD.
Invalid UTF-8 byte or sequence at line 354 replaced by U+FFFD.
\loi_nestcnt=\count344
Invalid UTF-8 byte or sequence at line 367 replaced by U+FFFD.
Invalid UTF-8 byte or sequence at line 367 replaced by U+FFFD.
Invalid UTF-8 byte or sequence at line 367 replaced by U+FFFD.
Invalid UTF-8 byte or sequence at line 367 replaced by U+FFFD.
Invalid UTF-8 byte or sequence at line 375 replaced by U+FFFD.
Invalid UTF-8 byte or sequence at line 375 replaced by U+FFFD.
Invalid UTF-8 byte or sequence at line 375 replaced by U+FFFD.
Invalid UTF-8 byte or sequence at line 375 replaced by U+FFFD.
Invalid UTF-8 byte or sequence at line 377 replaced by U+FFFD.
Invalid UTF-8 byte or sequence at line 378 replaced by U+FFFD.
Invalid UTF-8 byte or sequence at line 398 replaced by U+FFFD.
Invalid UTF-8 byte or sequence at line 398 replaced by U+FFFD.
Invalid UTF-8 byte or sequence at line 399 replaced by U+FFFD.
Invalid UTF-8 byte or sequence at line 399 replaced by U+FFFD.
Invalid UTF-8 byte or sequence at line 399 replaced by U+FFFD.
Invalid UTF-8 byte or sequence at line 399 replaced by U+FFFD.
Invalid UTF-8 byte or sequence at line 399 replaced by U+FFFD.
Invalid UTF-8 byte or sequence at line 399 replaced by U+FFFD.
Invalid UTF-8 byte or sequence at line 409 replaced by U+FFFD.
Invalid UTF-8 byte or sequence at line 410 replaced by U+FFFD.
Invalid UTF-8 byte or sequence at line 410 replaced by U+FFFD.
Invalid UTF-8 byte or sequence at line 410 replaced by U+FFFD.
Invalid UTF-8 byte or sequence at line 410 replaced by U+FFFD.
Invalid UTF-8 byte or sequence at line 411 replaced by U+FFFD.
Invalid UTF-8 byte or sequence at line 411 replaced by U+FFFD.
Invalid UTF-8 byte or sequence at line 411 replaced by U+FFFD.
Invalid UTF-8 byte or sequence at line 411 replaced by U+FFFD.
Invalid UTF-8 byte or sequence at line 411 replaced by U+FFFD.
Invalid UTF-8 byte or sequence at line 411 replaced by U+FFFD.
Invalid UTF-8 byte or sequence at line 414 replaced by U+FFFD.
Invalid UTF-8 byte or sequence at line 422 replaced by U+FFFD.
Invalid UTF-8 byte or sequence at line 422 replaced by U+FFFD.
Invalid UTF-8 byte or sequence at line 426 replaced by U+FFFD.
Invalid UTF-8 byte or sequence at line 428 replaced by U+FFFD.
Invalid UTF-8 byte or sequence at line 433 replaced by U+FFFD.
Invalid UTF-8 byte or sequence at line 433 replaced by U+FFFD.
Invalid UTF-8 byte or sequence at line 441 replaced by U+FFFD.
Invalid UTF-8 byte or sequence at line 441 replaced by U+FFFD.
Invalid UTF-8 byte or sequence at line 442 replaced by U+FFFD.
Invalid UTF-8 byte or sequence at line 443 replaced by U+FFFD.
Invalid UTF-8 byte or sequence at line 443 replaced by U+FFFD.
Invalid UTF-8 byte or sequence at line 443 replaced by U+FFFD.
Invalid UTF-8 byte or sequence at line 446 replaced by U+FFFD.
Invalid UTF-8 byte or sequence at line 446 replaced by U+FFFD.
Invalid UTF-8 byte or sequence at line 446 replaced by U+FFFD.
Invalid UTF-8 byte or sequence at line 448 replaced by U+FFFD.
Invalid UTF-8 byte or sequence at line 448 replaced by U+FFFD.
Invalid UTF-8 byte or sequence at line 451 replaced by U+FFFD.
Invalid UTF-8 byte or sequence at line 455 replaced by U+FFFD.
Invalid UTF-8 byte or sequence at line 455 replaced by U+FFFD.
Invalid UTF-8 byte or sequence at line 458 replaced by U+FFFD.
Invalid UTF-8 byte or sequence at line 458 replaced by U+FFFD.
Invalid UTF-8 byte or sequence at line 472 replaced by U+FFFD.
Invalid UTF-8 byte or sequence at line 475 replaced by U+FFFD.
Invalid UTF-8 byte or sequence at line 492 replaced by U+FFFD.
Invalid UTF-8 byte or sequence at line 508 replaced by U+FFFD.
Invalid UTF-8 byte or sequence at line 508 replaced by U+FFFD.
Invalid UTF-8 byte or sequence at line 509 replaced by U+FFFD.
Invalid UTF-8 byte or sequence at line 509 replaced by U+FFFD.
Invalid UTF-8 byte or sequence at line 519 replaced by U+FFFD.
Invalid UTF-8 byte or sequence at line 541 replaced by U+FFFD.
Invalid UTF-8 byte or sequence at line 541 replaced by U+FFFD.
)
Package: listofitems 2019/08/21 v1.63 Grab items in lists using user-specified 
sep char (CT)
)
\c@@index=\count345
\c@@plane=\count346
\c@@row=\count347
\c@@col=\count348
\c@use@args=\count349
\c@@record=\count350
\c@arg@index=\count351
\c@break@count=\count352
\c@index@count=\count353
\c@loop@count=\count354
\Arg@toks=\toks50
\@arrayident@toks=\toks51
\rdar@file=\read4

readarray: bounds checking OFF
)
\savedverbbox=\box82
\c@VerbboxLineNo=\count355
\boxtopsep=\dimen309
\boxbottomsep=\dimen310
\ps@tempdima=\dimen311
\ps@tempboxa=\box83
\boxtop@sep=\skip63
\boxbottom@sep=\skip64
) (./slides.aux)
\openout1 = `slides.aux'.

LaTeX Font Info:    Checking defaults for OML/cmm/m/it on input line 14.
LaTeX Font Info:    ... okay on input line 14.
LaTeX Font Info:    Checking defaults for OMS/cmsy/m/n on input line 14.
LaTeX Font Info:    ... okay on input line 14.
LaTeX Font Info:    Checking defaults for OT1/cmr/m/n on input line 14.
LaTeX Font Info:    ... okay on input line 14.
LaTeX Font Info:    Checking defaults for T1/cmr/m/n on input line 14.
LaTeX Font Info:    ... okay on input line 14.
LaTeX Font Info:    Checking defaults for TS1/cmr/m/n on input line 14.
LaTeX Font Info:    Trying to load font information for TS1+cmr on input line 1
4.

(/nix/store/yashimakrzw1lllfbrzqi8z9hiz1inqz-texlive-combined-full-2019/share/t
exmf/tex/latex/base/ts1cmr.fd
File: ts1cmr.fd 2019/12/16 v2.5j Standard LaTeX font definitions
)
LaTeX Font Info:    ... okay on input line 14.
LaTeX Font Info:    Checking defaults for TU/lmr/m/n on input line 14.
LaTeX Font Info:    ... okay on input line 14.
LaTeX Font Info:    Checking defaults for OMX/cmex/m/n on input line 14.
LaTeX Font Info:    ... okay on input line 14.
LaTeX Font Info:    Checking defaults for U/cmr/m/n on input line 14.
LaTeX Font Info:    ... okay on input line 14.
LaTeX Font Info:    Checking defaults for PD1/pdf/m/n on input line 14.
LaTeX Font Info:    ... okay on input line 14.
LaTeX Font Info:    Checking defaults for PU/pdf/m/n on input line 14.
LaTeX Font Info:    ... okay on input line 14.

*geometry* driver: auto-detecting
*geometry* detected driver: xetex
*geometry* verbose mode - [ preamble ] result:
* driver: xetex
* paper: custom
* layout: <same size as paper>
* layoutoffset:(h,v)=(0.0pt,0.0pt)
* modes: includehead includefoot 
* h-part:(L,W,R)=(28.45274pt, 307.28987pt, 28.45274pt)
* v-part:(T,H,B)=(0.0pt, 273.14662pt, 0.0pt)
* \paperwidth=364.19536pt
* \paperheight=273.14662pt
* \textwidth=307.28987pt
* \textheight=244.6939pt
* \oddsidemargin=-43.81725pt
* \evensidemargin=-43.81725pt
* \topmargin=-72.26999pt
* \headheight=14.22636pt
* \headsep=0.0pt
* \topskip=10.0pt
* \footskip=14.22636pt
* \marginparwidth=3.0pt
* \marginparsep=11.0pt
* \columnsep=10.0pt
* \skip\footins=9.0pt plus 4.0pt minus 2.0pt
* \hoffset=0.0pt
* \voffset=0.0pt
* \mag=1000
* \@twocolumnfalse
* \@twosidefalse
* \@mparswitchfalse
* \@reversemarginfalse
* (1in=72.27pt=25.4mm, 1cm=28.453pt)

ABD: EveryShipout initializing macros
\AtBeginShipoutBox=\box84
Package hyperref Info: Link coloring OFF on input line 14.

(/nix/store/yashimakrzw1lllfbrzqi8z9hiz1inqz-texlive-combined-full-2019/share/t
exmf/tex/latex/hyperref/nameref.sty
Package: nameref 2019/09/16 v2.46 Cross-referencing by name of section

(/nix/store/yashimakrzw1lllfbrzqi8z9hiz1inqz-texlive-combined-full-2019/share/t
exmf/tex/latex/refcount/refcount.sty
Package: refcount 2019/12/15 v3.6 Data extraction from label references (HO)
)
(/nix/store/yashimakrzw1lllfbrzqi8z9hiz1inqz-texlive-combined-full-2019/share/t
exmf/tex/generic/gettitlestring/gettitlestring.sty
Package: gettitlestring 2019/12/15 v1.6 Cleanup title references (HO)
)
\c@section@level=\count356
)
LaTeX Info: Redefining \ref on input line 14.
LaTeX Info: Redefining \pageref on input line 14.
LaTeX Info: Redefining \nameref on input line 14.
 (./slides.out)
(./slides.out)
\@outlinefile=\write5
\openout5 = `slides.out'.

LaTeX Font Info:    Overwriting symbol font `operators' in version `normal'
(Font)                  OT1/cmr/m/n --> OT1/cmss/m/n on input line 14.
LaTeX Font Info:    Overwriting symbol font `operators' in version `bold'
(Font)                  OT1/cmr/bx/n --> OT1/cmss/b/n on input line 14.
\symnumbers=\mathgroup6
\sympureletters=\mathgroup7
LaTeX Font Info:    Overwriting math alphabet `\mathrm' in version `normal'
(Font)                  OT1/cmss/m/n --> TU/lmr/m/n on input line 14.
LaTeX Font Info:    Redeclaring math alphabet \mathbf on input line 14.
LaTeX Font Info:    Overwriting math alphabet `\mathbf' in version `normal'
(Font)                  OT1/cmr/bx/n --> TU/FiraSans-Light.ttf(0)/b/n on input 
line 14.
LaTeX Font Info:    Overwriting math alphabet `\mathbf' in version `bold'
(Font)                  OT1/cmr/bx/n --> TU/FiraSans-Light.ttf(0)/b/n on input 
line 14.
LaTeX Font Info:    Redeclaring math alphabet \mathsf on input line 14.
LaTeX Font Info:    Overwriting math alphabet `\mathsf' in version `normal'
(Font)                  OT1/cmss/m/n --> TU/FiraSans-Light.ttf(0)/m/n on input 
line 14.
LaTeX Font Info:    Overwriting math alphabet `\mathsf' in version `bold'
(Font)                  OT1/cmss/bx/n --> TU/FiraSans-Light.ttf(0)/m/n on input
 line 14.
LaTeX Font Info:    Redeclaring math alphabet \mathit on input line 14.
LaTeX Font Info:    Overwriting math alphabet `\mathit' in version `normal'
(Font)                  OT1/cmr/m/it --> TU/FiraSans-Light.ttf(0)/m/it on input
 line 14.
LaTeX Font Info:    Overwriting math alphabet `\mathit' in version `bold'
(Font)                  OT1/cmr/bx/it --> TU/FiraSans-Light.ttf(0)/m/it on inpu
t line 14.
LaTeX Font Info:    Redeclaring math alphabet \mathtt on input line 14.
LaTeX Font Info:    Overwriting math alphabet `\mathtt' in version `normal'
(Font)                  OT1/cmtt/m/n --> TU/FiraMono-Regular.ttf(0)/m/n on inpu
t line 14.
LaTeX Font Info:    Overwriting math alphabet `\mathtt' in version `bold'
(Font)                  OT1/cmtt/m/n --> TU/FiraMono-Regular.ttf(0)/m/n on inpu
t line 14.
LaTeX Font Info:    Overwriting symbol font `numbers' in version `bold'
(Font)                  TU/FiraSans-Light.ttf(0)/m/n --> TU/FiraSans-Light.ttf(
0)/b/n on input line 14.
LaTeX Font Info:    Overwriting symbol font `pureletters' in version `bold'
(Font)                  TU/FiraSans-Light.ttf(0)/m/it --> TU/FiraSans-Light.ttf
(0)/b/it on input line 14.
LaTeX Font Info:    Overwriting math alphabet `\mathrm' in version `bold'
(Font)                  OT1/cmss/b/n --> TU/lmr/b/n on input line 14.
LaTeX Font Info:    Overwriting math alphabet `\mathbf' in version `bold'
(Font)                  TU/FiraSans-Light.ttf(0)/b/n --> TU/FiraSans-Light.ttf(
0)/b/n on input line 14.
LaTeX Font Info:    Overwriting math alphabet `\mathsf' in version `bold'
(Font)                  TU/FiraSans-Light.ttf(0)/m/n --> TU/FiraSans-Light.ttf(
0)/b/n on input line 14.
LaTeX Font Info:    Overwriting math alphabet `\mathit' in version `bold'
(Font)                  TU/FiraSans-Light.ttf(0)/m/it --> TU/FiraSans-Light.ttf
(0)/b/it on input line 14.
LaTeX Font Info:    Overwriting math alphabet `\mathtt' in version `bold'
(Font)                  TU/FiraMono-Regular.ttf(0)/m/n --> TU/FiraMono-Regular.
ttf(0)/b/n on input line 14.

(/nix/store/yashimakrzw1lllfbrzqi8z9hiz1inqz-texlive-combined-full-2019/share/t
exmf/tex/latex/translator/translator-basic-dictionary-English.dict
Dictionary: translator-basic-dictionary, Language: English 
)
(/nix/store/yashimakrzw1lllfbrzqi8z9hiz1inqz-texlive-combined-full-2019/share/t
exmf/tex/latex/translator/translator-bibliography-dictionary-English.dict
Dictionary: translator-bibliography-dictionary, Language: English 
)
(/nix/store/yashimakrzw1lllfbrzqi8z9hiz1inqz-texlive-combined-full-2019/share/t
exmf/tex/latex/translator/translator-environment-dictionary-English.dict
Dictionary: translator-environment-dictionary, Language: English 
)
(/nix/store/yashimakrzw1lllfbrzqi8z9hiz1inqz-texlive-combined-full-2019/share/t
exmf/tex/latex/translator/translator-months-dictionary-English.dict
Dictionary: translator-months-dictionary, Language: English 
)
(/nix/store/yashimakrzw1lllfbrzqi8z9hiz1inqz-texlive-combined-full-2019/share/t
exmf/tex/latex/translator/translator-numbers-dictionary-English.dict
Dictionary: translator-numbers-dictionary, Language: English 
)
(/nix/store/yashimakrzw1lllfbrzqi8z9hiz1inqz-texlive-combined-full-2019/share/t
exmf/tex/latex/translator/translator-theorem-dictionary-English.dict
Dictionary: translator-theorem-dictionary, Language: English 
)
(./slides.nav) [1

]
\openout4 = `slides.vrb'.

 (./slides.vrb) [2

] [3

]
\openout4 = `slides.vrb'.

 (./slides.vrb) [4

]
\openout4 = `slides.vrb'.

 (./slides.vrb)
[5

]
\openout4 = `slides.vrb'.

 (./slides.vrb

LaTeX Warning: Characters dropped after `\end{verbnobox}' on input line 12.

) [6

]
\openout4 = `slides.vrb'.

 (./slides.vrb) [7

]
\openout4 = `slides.vrb'.

 (./slides.vrb
LaTeX Font Info:    Trying to load font information for U+msa on input line 4.

(/nix/store/yashimakrzw1lllfbrzqi8z9hiz1inqz-texlive-combined-full-2019/share/t
exmf/tex/latex/amsfonts/umsa.fd
File: umsa.fd 2013/01/14 v3.01 AMS symbols A
)
LaTeX Font Info:    Trying to load font information for U+msb on input line 4.

(/nix/store/yashimakrzw1lllfbrzqi8z9hiz1inqz-texlive-combined-full-2019/share/t
exmf/tex/latex/amsfonts/umsb.fd
File: umsb.fd 2013/01/14 v3.01 AMS symbols B
)

LaTeX Font Warning: Font shape `TU/FiraSans-Light.ttf(0)/m/it' undefined
(Font)              using `TU/FiraSans-Light.ttf(0)/m/n' instead on input line 
4.

) [8

]
\openout4 = `slides.vrb'.

 (./slides.vrb) [9

]
\openout4 = `slides.vrb'.

 (./slides.vrb) [10

]
\openout4 = `slides.vrb'.

 (./slides.vrb) [11

]
\openout4 = `slides.vrb'.

 (./slides.vrb) [12

]
\openout4 = `slides.vrb'.

 (./slides.vrb

LaTeX Warning: Characters dropped after `\end{verbnobox}' on input line 7.

) [13

]
\openout4 = `slides.vrb'.

 (./slides.vrb) [14

]
\openout4 = `slides.vrb'.

 (./slides.vrb) [15

]
\openout4 = `slides.vrb'.

 (./slides.vrb) [16

]
\openout4 = `slides.vrb'.


(./slides.vrb) [17

]
\openout4 = `slides.vrb'.

 (./slides.vrb) [18

]
\openout4 = `slides.vrb'.

 (./slides.vrb) [19

]
\openout4 = `slides.vrb'.

 (./slides.vrb)
Overfull \vbox (8.56575pt too high) detected at line 255
 []

[20

]
\openout4 = `slides.vrb'.

 (./slides.vrb) [21

]
\openout4 = `slides.vrb'.

 (./slides.vrb) [22

]
\openout4 = `slides.vrb'.

 (./slides.vrb) [23

]
\openout4 = `slides.vrb'.

 (./slides.vrb) [24

]
\openout4 = `slides.vrb'.

 (./slides.vrb) [25

]
\openout4 = `slides.vrb'.

 (./slides.vrb) [26

]
\openout4 = `slides.vrb'.

 (./slides.vrb) [27

]
\openout4 = `slides.vrb'.

 (./slides.vrb)
Overfull \vbox (13.01567pt too high) detected at line 407
 []

[28

] [29

]
\openout4 = `slides.vrb'.

 (./slides.vrb) [30

]
\openout4 = `slides.vrb'.

 (./slides.vrb) [31

]
\openout4 = `slides.vrb'.

 (./slides.vrb) [32

]
\openout4 = `slides.vrb'.


(./slides.vrb) [33

]
\openout4 = `slides.vrb'.

 (./slides.vrb) [34

]
\openout4 = `slides.vrb'.

 (./slides.vrb) [35

] [36

]
\openout4 = `slides.vrb'.

 (./slides.vrb) [37

]
\openout4 = `slides.vrb'.

 (./slides.vrb) [38

]
\openout4 = `slides.vrb'.

 (./slides.vrb) [39

]
\openout4 = `slides.vrb'.

 (./slides.vrb) [40

]
\openout4 = `slides.vrb'.

 (./slides.vrb) [41

]
\tf@nav=\write6
\openout6 = `slides.nav'.

\tf@toc=\write7
\openout7 = `slides.toc'.

\tf@snm=\write8
\openout8 = `slides.snm'.

Package atveryend Info: Empty hook `BeforeClearDocument' on input line 590.
Package atveryend Info: Empty hook `AfterLastShipout' on input line 590.
 (./slides.aux)
Package atveryend Info: Empty hook `AtVeryEndDocument' on input line 590.
Package atveryend Info: Executing hook `AtEndAfterFileList' on input line 590.
Package rerunfilecheck Info: File `slides.out' has not changed.
(rerunfilecheck)             Checksum: 0EF02C6A598DECBE969E941964BED415;137.


LaTeX Font Warning: Some font shapes were not available, defaults substituted.

 ) 
Here is how much of TeX's memory you used:
 27531 strings out of 479805
 587691 string characters out of 5872251
 853417 words of memory out of 5000000
 43993 multiletter control sequences out of 15000+600000
 535638 words of font info for 78 fonts, out of 8000000 for 9000
 1348 hyphenation exceptions out of 8191
 65i,12n,113p,773b,786s stack positions out of 5000i,500n,10000p,200000b,80000s

Output written on slides.pdf (41 pages).
